<?xml version="1.0" encoding="UTF-8"?>
<testng-results ignored="0" total="1" passed="1" failed="0" skipped="0">
  <reporter-output>
    <line>
      <![CDATA[Verifying the Logout functionality]]>
    </line>
  </reporter-output>
  <suite started-at="2023-05-09T13:23:00 IST" name="Default suite" finished-at="2023-05-09T13:23:00 IST" duration-ms="73">
    <groups>
    </groups>
    <test started-at="2023-05-09T13:23:00 IST" name="Default test" finished-at="2023-05-09T13:23:00 IST" duration-ms="73">
      <class name="test.ng.emailable.report.Example3">
        <test-method signature="logoutFunctionality()[pri:0, instance:test.ng.emailable.report.Example3@67d48005]" started-at="2023-05-09T13:23:00 IST" name="logoutFunctionality" finished-at="2023-05-09T13:23:00 IST" duration-ms="15" status="PASS">
          <reporter-output>
            <line>
              <![CDATA[Verifying the Logout functionality]]>
            </line>
          </reporter-output>
        </test-method> <!-- logoutFunctionality -->
      </class> <!-- test.ng.emailable.report.Example3 -->
    </test> <!-- Default test -->
  </suite> <!-- Default suite -->
</testng-results>
